c:\users\amshah4\documents\github\vive\vive\vive\vive\debug\vc120.pdb
c:\users\amshah4\documents\github\vive\vive\vive\vive\debug\vc120.idb
c:\users\amshah4\documents\github\vive\vive\vive\vive\debug\kinectsensor.obj
c:\users\amshah4\documents\github\vive\vive\vive\vive\debug\oculussensor.obj
c:\users\amshah4\documents\github\vive\vive\vive\vive\debug\oculusenumeration.obj
c:\users\amshah4\documents\github\vive\vive\vive\vive\debug\sensor.obj
c:\users\amshah4\documents\github\vive\vive\vive\vive\debug\serverattempt.obj
c:\users\amshah4\documents\github\vive\vive\vive\vive\debug\servermm.obj
c:\users\amshah4\documents\github\vive\vive\vive\vive\debug\sockethelper.obj
c:\users\amshah4\documents\github\vive\vive\vive\vive\debug\source1.obj
c:\users\amshah4\documents\github\vive\vive\vive\vive\debug\unrealcontroller.obj
c:\users\amshah4\documents\github\vive\vive\vive\vive\debug\vive.obj
c:\users\amshah4\documents\github\vive\vive\vive\debug\vive.ilk
c:\users\amshah4\documents\github\vive\vive\vive\debug\vive.exe
c:\users\amshah4\documents\github\vive\vive\vive\debug\vive.pdb
c:\users\amshah4\documents\github\vive\vive\vive\vive\debug\vive.tlog\cl.command.1.tlog
c:\users\amshah4\documents\github\vive\vive\vive\vive\debug\vive.tlog\cl.read.1.tlog
c:\users\amshah4\documents\github\vive\vive\vive\vive\debug\vive.tlog\cl.write.1.tlog
c:\users\amshah4\documents\github\vive\vive\vive\vive\debug\vive.tlog\link.command.1.tlog
c:\users\amshah4\documents\github\vive\vive\vive\vive\debug\vive.tlog\link.read.1.tlog
c:\users\amshah4\documents\github\vive\vive\vive\vive\debug\vive.tlog\link.write.1.tlog
